Computation statistics:
    Compute time (s): 12.660688
       Compute ticks: 256
   Avg time/tick (s): 0.049456
           MPI Ranks: 512
    Threads per rank: 16
       Total threads: 8192
       Rows per rank: 64
     Rows per thread: 4
Alive statistics (CSV) written to '/gpfs/u/scratch/PCP8/PCP8sbrr/128-node-4-rank-16-thread-25-threshold.csv'
Universe data written to '/gpfs/u/scratch/PCP8/PCP8sbrr/128-node-4-rank-16-thread-25-threshold.bin'
     IO run time (s): 5.437537
srun: Job step creation temporarily disabled, retrying
srun: Job step creation temporarily disabled, retrying
srun: Job step creation temporarily disabled, retrying
srun: Job step creation temporarily disabled, retrying
Computation statistics:
    Compute time (s): 21.918540
       Compute ticks: 256
   Avg time/tick (s): 0.085619
           MPI Ranks: 256
    Threads per rank: 16
       Total threads: 4096
       Rows per rank: 128
     Rows per thread: 8
Alive statistics (CSV) written to '/gpfs/u/scratch/PCP8/PCP8sbrr/64-node-4-rank-16-thread-25-threshold.csv'
srun: Job step creation temporarily disabled, retrying
srun: Job step creation temporarily disabled, retrying
srun: Job step creation temporarily disabled, retrying
Computation statistics:
    Compute time (s): 20.165925
       Compute ticks: 256
   Avg time/tick (s): 0.078773
           MPI Ranks: 4096
    Threads per rank: 1
       Total threads: 4096
       Rows per rank: 8
     Rows per thread: 8
Alive statistics (CSV) written to '/gpfs/u/scratch/PCP8/PCP8sbrr/64-node-64-rank-1-thread-25-threshold.csv'
srun: Job step created
Computation statistics:
    Compute time (s): 23.689163
       Compute ticks: 256
   Avg time/tick (s): 0.092536
           MPI Ranks: 64
    Threads per rank: 64
       Total threads: 4096
       Rows per rank: 512
     Rows per thread: 8
Alive statistics (CSV) written to '/gpfs/u/scratch/PCP8/PCP8sbrr/64-node-1-rank-64-thread-25-threshold.csv'
srun: Job step created
Computation statistics:
    Compute time (s): 75.237365
       Compute ticks: 256
   Avg time/tick (s): 0.293896
           MPI Ranks: 256
    Threads per rank: 4
       Total threads: 1024
       Rows per rank: 128
     Rows per thread: 32
Alive statistics (CSV) written to '/gpfs/u/scratch/PCP8/PCP8sbrr/16-node-16-rank-4-thread-25-threshold.csv'
Computation statistics:
    Compute time (s): 81.834672
       Compute ticks: 256
   Avg time/tick (s): 0.319667
           MPI Ranks: 32
    Threads per rank: 32
       Total threads: 1024
       Rows per rank: 1024
     Rows per thread: 32
Alive statistics (CSV) written to '/gpfs/u/scratch/PCP8/PCP8sbrr/16-node-2-rank-32-thread-25-threshold.csv'
Computation statistics:
    Compute time (s): 84.340071
       Compute ticks: 256
   Avg time/tick (s): 0.329453
           MPI Ranks: 16
    Threads per rank: 64
       Total threads: 1024
       Rows per rank: 2048
     Rows per thread: 32
Alive statistics (CSV) written to '/gpfs/u/scratch/PCP8/PCP8sbrr/16-node-1-rank-64-thread-25-threshold.csv'
Computation statistics:
    Compute time (s): 19.712953
       Compute ticks: 256
   Avg time/tick (s): 0.077004
           MPI Ranks: 1024
    Threads per rank: 4
       Total threads: 4096
       Rows per rank: 32
     Rows per thread: 8
Alive statistics (CSV) written to '/gpfs/u/scratch/PCP8/PCP8sbrr/64-node-16-rank-4-thread-25-threshold.csv'
srun: Job step created
Computation statistics:
    Compute time (s): 78.274862
       Compute ticks: 256
   Avg time/tick (s): 0.305761
           MPI Ranks: 64
    Threads per rank: 16
       Total threads: 1024
       Rows per rank: 512
     Rows per thread: 32
Alive statistics (CSV) written to '/gpfs/u/scratch/PCP8/PCP8sbrr/16-node-4-rank-16-thread-25-threshold.csv'
Computation statistics:
    Compute time (s): 22.608494
       Compute ticks: 256
   Avg time/tick (s): 0.088314
           MPI Ranks: 128
    Threads per rank: 32
       Total threads: 4096
       Rows per rank: 256
     Rows per thread: 8
Alive statistics (CSV) written to '/gpfs/u/scratch/PCP8/PCP8sbrr/64-node-2-rank-32-thread-25-threshold.csv'
srun: Job step created
Computation statistics:
    Compute time (s): 10.907644
       Compute ticks: 256
   Avg time/tick (s): 0.042608
           MPI Ranks: 8192
    Threads per rank: 1
       Total threads: 8192
       Rows per rank: 4
     Rows per thread: 4
Alive statistics (CSV) written to '/gpfs/u/scratch/PCP8/PCP8sbrr/128-node-64-rank-1-thread-25-threshold.csv'
Universe data written to '/gpfs/u/scratch/PCP8/PCP8sbrr/128-node-64-rank-1-thread-25-threshold.bin'
     IO run time (s): 32.480784
srun: Job step created
Computation statistics:
    Compute time (s): 10.344236
       Compute ticks: 256
   Avg time/tick (s): 0.040407
           MPI Ranks: 2048
    Threads per rank: 4
       Total threads: 8192
       Rows per rank: 16
     Rows per thread: 4
Alive statistics (CSV) written to '/gpfs/u/scratch/PCP8/PCP8sbrr/128-node-16-rank-4-thread-25-threshold.csv'
Universe data written to '/gpfs/u/scratch/PCP8/PCP8sbrr/128-node-16-rank-4-thread-25-threshold.bin'
     IO run time (s): 21.855663
srun: Job step created
Computation statistics:
    Compute time (s): 13.168733
       Compute ticks: 256
   Avg time/tick (s): 0.051440
           MPI Ranks: 256
    Threads per rank: 32
       Total threads: 8192
       Rows per rank: 128
     Rows per thread: 4
Alive statistics (CSV) written to '/gpfs/u/scratch/PCP8/PCP8sbrr/128-node-2-rank-32-thread-25-threshold.csv'
Universe data written to '/gpfs/u/scratch/PCP8/PCP8sbrr/128-node-2-rank-32-thread-25-threshold.bin'
     IO run time (s): 8.117140
srun: Job step created
Computation statistics:
    Compute time (s): 13.771878
       Compute ticks: 256
   Avg time/tick (s): 0.053796
           MPI Ranks: 128
    Threads per rank: 64
       Total threads: 8192
       Rows per rank: 256
     Rows per thread: 4
Alive statistics (CSV) written to '/gpfs/u/scratch/PCP8/PCP8sbrr/128-node-1-rank-64-thread-25-threshold.csv'
Universe data written to '/gpfs/u/scratch/PCP8/PCP8sbrr/128-node-1-rank-64-thread-25-threshold.bin'
     IO run time (s): 7.582668
