Computation statistics:
    Compute time (s): 19.712748
       Compute ticks: 256
   Avg time/tick (s): 0.077003
           MPI Ranks: 1024
    Threads per rank: 4
       Total threads: 4096
       Rows per rank: 32
     Rows per thread: 8
Alive statistics (CSV) written to '/gpfs/u/scratch/PCP8/PCP8sbrr/64-node-16-rank-4-thread-25-threshold.csv'
Computation statistics:
    Compute time (s): 21.917604
       Compute ticks: 256
   Avg time/tick (s): 0.085616
           MPI Ranks: 256
    Threads per rank: 16
       Total threads: 4096
       Rows per rank: 128
     Rows per thread: 8
Alive statistics (CSV) written to '/gpfs/u/scratch/PCP8/PCP8sbrr/64-node-4-rank-16-thread-25-threshold.csv'
