Computation statistics:
    Compute time (s): 234.880738
       Compute ticks: 256
   Avg time/tick (s): 0.917503
           MPI Ranks: 256
    Threads per rank: 1
       Total threads: 256
       Rows per rank: 128
     Rows per thread: 128
Alive statistics (CSV) written to '/gpfs/u/scratch/PCP8/PCP8nrch/4-node-64-rank-1-thread-25-threshold.csv'
Computation statistics:
    Compute time (s): 236.842334
       Compute ticks: 256
   Avg time/tick (s): 0.925165
           MPI Ranks: 64
    Threads per rank: 4
       Total threads: 256
       Rows per rank: 512
     Rows per thread: 128
Alive statistics (CSV) written to '/gpfs/u/scratch/PCP8/PCP8nrch/4-node-16-rank-4-thread-25-threshold.csv'
Computation statistics:
    Compute time (s): 244.319865
       Compute ticks: 256
   Avg time/tick (s): 0.954374
           MPI Ranks: 16
    Threads per rank: 16
       Total threads: 256
       Rows per rank: 2048
     Rows per thread: 128
Alive statistics (CSV) written to '/gpfs/u/scratch/PCP8/PCP8nrch/4-node-4-rank-16-thread-25-threshold.csv'
Computation statistics:
    Compute time (s): 246.317233
       Compute ticks: 256
   Avg time/tick (s): 0.962177
           MPI Ranks: 8
    Threads per rank: 32
       Total threads: 256
       Rows per rank: 4096
     Rows per thread: 128
Alive statistics (CSV) written to '/gpfs/u/scratch/PCP8/PCP8nrch/4-node-2-rank-32-thread-25-threshold.csv'
Computation statistics:
    Compute time (s): 248.429195
       Compute ticks: 256
   Avg time/tick (s): 0.970427
           MPI Ranks: 4
    Threads per rank: 64
       Total threads: 256
       Rows per rank: 8192
     Rows per thread: 128
Alive statistics (CSV) written to '/gpfs/u/scratch/PCP8/PCP8nrch/4-node-1-rank-64-thread-25-threshold.csv'
