Computation statistics:
    Compute time (s): 12.657877
       Compute ticks: 256
   Avg time/tick (s): 0.049445
           MPI Ranks: 512
    Threads per rank: 16
       Total threads: 8192
       Rows per rank: 64
     Rows per thread: 4
Alive statistics (CSV) written to '/gpfs/u/scratch/PCP8/PCP8sbrr/128-node-4-rank-16-thread-25-threshold.csv'
Universe data written to '/gpfs/u/scratch/PCP8/PCP8sbrr/128-node-4-rank-16-thread-25-threshold.bin'
     IO run time (s): 10.179300
srun: Job step creation temporarily disabled, retrying
srun: Job step creation temporarily disabled, retrying
srun: Job step creation temporarily disabled, retrying
srun: Job step creation temporarily disabled, retrying
srun: Job step creation temporarily disabled, retrying
Computation statistics:
    Compute time (s): 10.907044
       Compute ticks: 256
   Avg time/tick (s): 0.042606
           MPI Ranks: 8192
    Threads per rank: 1
       Total threads: 8192
       Rows per rank: 4
     Rows per thread: 4
Alive statistics (CSV) written to '/gpfs/u/scratch/PCP8/PCP8sbrr/128-node-64-rank-1-thread-25-threshold.csv'
Universe data written to '/gpfs/u/scratch/PCP8/PCP8sbrr/128-node-64-rank-1-thread-25-threshold.bin'
     IO run time (s): 36.567680
srun: Job step created
srun: Job step created
Computation statistics:
    Compute time (s): 22.609635
       Compute ticks: 256
   Avg time/tick (s): 0.088319
           MPI Ranks: 128
    Threads per rank: 32
       Total threads: 4096
       Rows per rank: 256
     Rows per thread: 8
Alive statistics (CSV) written to '/gpfs/u/scratch/PCP8/PCP8sbrr/64-node-2-rank-32-thread-25-threshold.csv'
Computation statistics:
    Compute time (s): 23.690562
       Compute ticks: 256
   Avg time/tick (s): 0.092541
           MPI Ranks: 64
    Threads per rank: 64
       Total threads: 4096
       Rows per rank: 512
     Rows per thread: 8
Alive statistics (CSV) written to '/gpfs/u/scratch/PCP8/PCP8sbrr/64-node-1-rank-64-thread-25-threshold.csv'
srun: Job step created
Computation statistics:
    Compute time (s): 10.343961
       Compute ticks: 256
   Avg time/tick (s): 0.040406
           MPI Ranks: 2048
    Threads per rank: 4
       Total threads: 8192
       Rows per rank: 16
     Rows per thread: 4
Alive statistics (CSV) written to '/gpfs/u/scratch/PCP8/PCP8sbrr/128-node-16-rank-4-thread-25-threshold.csv'
Universe data written to '/gpfs/u/scratch/PCP8/PCP8sbrr/128-node-16-rank-4-thread-25-threshold.bin'
     IO run time (s): 20.682514
srun: Job step created
Computation statistics:
    Compute time (s): 13.169344
       Compute ticks: 256
   Avg time/tick (s): 0.051443
           MPI Ranks: 256
    Threads per rank: 32
       Total threads: 8192
       Rows per rank: 128
     Rows per thread: 4
Alive statistics (CSV) written to '/gpfs/u/scratch/PCP8/PCP8sbrr/128-node-2-rank-32-thread-25-threshold.csv'
Universe data written to '/gpfs/u/scratch/PCP8/PCP8sbrr/128-node-2-rank-32-thread-25-threshold.bin'
     IO run time (s): 7.630203
srun: Job step created
Computation statistics:
    Compute time (s): 13.774028
       Compute ticks: 256
   Avg time/tick (s): 0.053805
           MPI Ranks: 128
    Threads per rank: 64
       Total threads: 8192
       Rows per rank: 256
     Rows per thread: 4
Alive statistics (CSV) written to '/gpfs/u/scratch/PCP8/PCP8sbrr/128-node-1-rank-64-thread-25-threshold.csv'
Universe data written to '/gpfs/u/scratch/PCP8/PCP8sbrr/128-node-1-rank-64-thread-25-threshold.bin'
     IO run time (s): 8.486356
